#
# A fatal error has been detected by the Java Runtime Environment:
#
#  Internal Error (classFileParser.cpp:3494), pid=3736, tid=6920
#  Error: ShouldNotReachHere()
#
# JRE version: 6.0_26-b03
# Java VM: Java HotSpot(TM) Client VM (20.1-b02 mixed mode windows-x86 )
# If you would like to submit a bug report, please visit:
#   http://java.sun.com/webapps/bugreport/crash.jsp
#

---------------  T H R E A D  ---------------

Current thread (0x01319800):  JavaThread "Unknown thread" [_thread_in_vm, id=6920, stack(0x00340000,0x00390000)]

Stack: [0x00340000,0x00390000],  sp=0x0038f86c,  free space=318k
Native frames: (J=compiled Java code, j=interpreted, Vv=VM code, C=native code)
V  [jvm.dll+0x13379a]
V  [jvm.dll+0x12e6fb]
V  [jvm.dll+0x163fe]
V  [jvm.dll+0x17c1f]
V  [jvm.dll+0x26cc5]
V  [jvm.dll+0x27506]
V  [jvm.dll+0x278b5]
V  [jvm.dll+0x27949]
V  [jvm.dll+0x27a0c]
V  [jvm.dll+0x27a8a]
V  [jvm.dll+0x27b6d]
V  [jvm.dll+0x27e39]
V  [jvm.dll+0x6c523]
V  [jvm.dll+0x6c8fc]
V  [jvm.dll+0xf9d5c]
V  [jvm.dll+0x11864b]
V  [jvm.dll+0x9ec30]
C  [javaw.exe+0x1657]
C  [javaw.exe+0x1e2c]
C  [javaw.exe+0x8644]
C  [kernel32.dll+0x4ed6c]  BaseThreadInitThunk+0x12
C  [ntdll.dll+0x6377b]  RtlInitializeExceptionChain+0xef
C  [ntdll.dll+0x6374e]  RtlInitializeExceptionChain+0xc2


---------------  P R O C E S S  ---------------

Java Threads: ( => current thread )

Other Threads:

=>0x01319800 (exited) JavaThread "Unknown thread" [_thread_in_vm, id=6920, stack(0x00340000,0x00390000)]

VM state:not at safepoint (not fully initialized)

VM Mutex/Monitor currently owned by a thread: None

Dynamic libraries:
0x00400000 - 0x00424000 	D:\Program Files\Java\jdk1.6.0_26\bin\javaw.exe
0x77c20000 - 0x77d5c000 	C:\windows\SYSTEM32\ntdll.dll
0x76f50000 - 0x77024000 	C:\windows\system32\kernel32.dll
0x75cd0000 - 0x75d1a000 	C:\windows\system32\KERNELBASE.dll
0x76eb0000 - 0x76f50000 	C:\windows\system32\ADVAPI32.dll
0x77840000 - 0x778ec000 	C:\windows\system32\msvcrt.dll
0x77d60000 - 0x77d79000 	C:\windows\SYSTEM32\sechost.dll
0x77280000 - 0x77321000 	C:\windows\system32\RPCRT4.dll
0x77a10000 - 0x77ad9000 	C:\windows\system32\USER32.dll
0x77580000 - 0x775ce000 	C:\windows\system32\GDI32.dll
0x75f20000 - 0x75f2a000 	C:\windows\system32\LPK.dll
0x75fb0000 - 0x7604d000 	C:\windows\system32\USP10.dll
0x77d90000 - 0x77daf000 	C:\windows\system32\IMM32.DLL
0x77770000 - 0x7783c000 	C:\windows\system32\MSCTF.dll
0x75a20000 - 0x75a52000 	C:\windows\system32\nvinit.dll
0x7c340000 - 0x7c396000 	D:\Program Files\Java\jdk1.6.0_26\jre\bin\msvcr71.dll
0x6d8a0000 - 0x6db4f000 	D:\Program Files\Java\jdk1.6.0_26\jre\bin\client\jvm.dll
0x75c30000 - 0x75c62000 	C:\windows\system32\WINMM.dll
0x75920000 - 0x7596c000 	C:\windows\system32\apphelp.dll
0x6d850000 - 0x6d85c000 	D:\Program Files\Java\jdk1.6.0_26\jre\bin\verify.dll
0x6d3d0000 - 0x6d3ef000 	D:\Program Files\Java\jdk1.6.0_26\jre\bin\java.dll
0x77d80000 - 0x77d85000 	C:\windows\system32\PSAPI.DLL
0x6d890000 - 0x6d89f000 	D:\Program Files\Java\jdk1.6.0_26\jre\bin\zip.dll

VM Arguments:
jvm_args: -Dfile.encoding=GBK -Xbootclasspath:D:\developEnv\android-sdk-windows\platforms\android-8\android.jar 
java_command: com.sinaapp.sheldonchen.Stack
Launcher Type: SUN_STANDARD

Environment Variables:
JAVA_HOME=D:\Program Files\Java\jdk1.6.0_26
PATH=C:\Program Files\Common Files\Microsoft Shared\Windows Live;C:\windows\system32;C:\windows;C:\windows\System32\Wbem;C:\windows\System32\WindowsPowerShell\v1.0\;C:\Program Files\Lenovo\Bluetooth Software\;C:\Program Files\EgisTec BioExcess\;C:\Program Files\Windows Live\Shared;D:\Program Files\Java\jdk1.6.0_26\bin;D:\Program Files\TortoiseSVN\bin;D:\Python26;D:\Python26\Scripts;
USERNAME=Sheldon Chen
OS=Windows_NT
PROCESSOR_IDENTIFIER=x86 Family 6 Model 42 Stepping 7, GenuineIntel



---------------  S Y S T E M  ---------------

OS: Windows 7 Build 7601 Service Pack 1

CPU:total 4 (2 cores per cpu, 2 threads per core) family 6 model 42 stepping 7, cmov, cx8, fxsr, mmx, sse, sse2, sse3, ssse3, sse4.1, sse4.2, popcnt, ht

Memory: 4k page, physical 3059856k(850724k free), swap 6117956k(3060460k free)

vm_info: Java HotSpot(TM) Client VM (20.1-b02) for windows-x86 JRE (1.6.0_26-b03), built on May  4 2011 00:50:59 by "java_re" with MS VC++ 7.1 (VS2003)

time: Wed Feb 01 14:33:17 2012
elapsed time: 0 seconds

